# JRE version: Java(TM) SE Runtime Environment (10.0.1+10) (build 10.0.1+10)
# Java VM: Java HotSpot(TM) 64-Bit Server VM (10.0.1+10, mixed mode, tiered, compressed oops, g1 gc, bsd-amd64)
Heap:
 garbage-first heap   total 262144K, used 137161K [0x00000006c0000000, 0x00000007c0000000)
  region size 1024K, 9 young (9216K), 7 survivors (7168K)
 Metaspace       used 23319K, capacity 23777K, committed 24320K, reserved 1071104K
  class space    used 2494K, capacity 2732K, committed 2816K, reserved 1048576K
GC Heap History (10 events):
Event: 6.379 GC heap before
{Heap before GC invocations=0 (full 0):
 garbage-first heap   total 262144K, used 14336K [0x00000006c0000000, 0x00000007c0000000)
  region size 1024K, 14 young (14336K), 0 survivors (0K)
 Metaspace       used 17118K, capacity 17467K, committed 17792K, reserved 1064960K
  class space    used 1890K, capacity 2102K, committed 2176K, reserved 1048576K
}
Event: 6.388 GC heap after
{Heap after GC invocations=1 (full 0):
 garbage-first heap   total 262144K, used 3822K [0x00000006c0000000, 0x00000007c0000000)
  region size 1024K, 2 young (2048K), 2 survivors (2048K)
 Metaspace       used 17118K, capacity 17467K, committed 17792K, reserved 1064960K
  class space    used 1890K, capacity 2102K, committed 2176K, reserved 1048576K
}
Event: 16.552 GC heap before
{Heap before GC invocations=1 (full 0):
 garbage-first heap   total 262144K, used 8942K [0x00000006c0000000, 0x00000007c0000000)
  region size 1024K, 8 young (8192K), 2 survivors (2048K)
 Metaspace       used 20546K, capacity 20952K, committed 21296K, reserved 1069056K
  class space    used 2346K, capacity 2586K, committed 2688K, reserved 1048576K
}
Event: 16.564 GC heap after
{Heap after GC invocations=2 (full 0):
 garbage-first heap   total 262144K, used 5440K [0x00000006c0000000, 0x00000007c0000000)
  region size 1024K, 2 young (2048K), 2 survivors (2048K)
 Metaspace       used 20546K, capacity 20952K, committed 21296K, reserved 1069056K
  class space    used 2346K, capacity 2586K, committed 2688K, reserved 1048576K
}
Event: 41.618 GC heap before
{Heap before GC invocations=3 (full 0):
 garbage-first heap   total 262144K, used 24896K [0x00000006c0000000, 0x00000007c0000000)
  region size 1024K, 21 young (21504K), 2 survivors (2048K)
 Metaspace       used 22698K, capacity 23151K, committed 23552K, reserved 1071104K
  class space    used 2462K, capacity 2694K, committed 2816K, reserved 1048576K
}
Event: 41.625 GC heap after
{Heap after GC invocations=4 (full 0):
 garbage-first heap   total 262144K, used 9216K [0x00000006c0000000, 0x00000007c0000000)
  region size 1024K, 3 young (3072K), 3 survivors (3072K)
 Metaspace       used 22698K, capacity 23151K, committed 23552K, reserved 1071104K
  class space    used 2462K, capacity 2694K, committed 2816K, reserved 1048576K
}
Event: 41.728 GC heap before
{Heap before GC invocations=4 (full 0):
 garbage-first heap   total 262144K, used 38912K [0x00000006c0000000, 0x00000007c0000000)
  region size 1024K, 32 young (32768K), 3 survivors (3072K)
 Metaspace       used 22789K, capacity 23311K, committed 23808K, reserved 1071104K
  class space    used 2468K, capacity 2726K, committed 2816K, reserved 1048576K
}
Event: 41.734 GC heap after
{Heap after GC invocations=5 (full 0):
 garbage-first heap   total 262144K, used 9580K [0x00000006c0000000, 0x00000007c0000000)
  region size 1024K, 3 young (3072K), 3 survivors (3072K)
 Metaspace       used 22789K, capacity 23311K, committed 23808K, reserved 1071104K
  class space    used 2468K, capacity 2726K, committed 2816K, reserved 1048576K
}
Event: 209786.549 GC heap before
{Heap before GC invocations=5 (full 0):
 garbage-first heap   total 262144K, used 152940K [0x00000006c0000000, 0x00000007c0000000)
  region size 1024K, 39 young (39936K), 3 survivors (3072K)
 Metaspace       used 23318K, capacity 23777K, committed 24320K, reserved 1071104K
  class space    used 2494K, capacity 2732K, committed 2816K, reserved 1048576K
}
Event: 209786.639 GC heap after
{Heap after GC invocations=6 (full 0):
 garbage-first heap   total 262144K, used 121801K [0x00000006c0000000, 0x00000007c0000000)
  region size 1024K, 7 young (7168K), 7 survivors (7168K)
 Metaspace       used 23318K, capacity 23777K, committed 24320K, reserved 1071104K
  class space    used 2494K, capacity 2732K, committed 2816K, reserved 1048576K
}

