# JRE version: Java(TM) SE Runtime Environment (10.0.1+10) (build 10.0.1+10)
# Java VM: Java HotSpot(TM) 64-Bit Server VM (10.0.1+10, mixed mode, tiered, compressed oops, g1 gc, bsd-amd64)
Heap:
 garbage-first heap   total 262144K, used 39355K [0x00000006c0000000, 0x00000007c0000000)
  region size 1024K, 7 young (7168K), 4 survivors (4096K)
 Metaspace       used 23939K, capacity 24324K, committed 24960K, reserved 1071104K
  class space    used 2517K, capacity 2707K, committed 2944K, reserved 1048576K
GC Heap History (10 events):
Event: 4.082 GC heap before
{Heap before GC invocations=0 (full 0):
 garbage-first heap   total 262144K, used 14336K [0x00000006c0000000, 0x00000007c0000000)
  region size 1024K, 14 young (14336K), 0 survivors (0K)
 Metaspace       used 18071K, capacity 18470K, committed 18688K, reserved 1064960K
  class space    used 2042K, capacity 2242K, committed 2304K, reserved 1048576K
}
Event: 4.092 GC heap after
{Heap after GC invocations=1 (full 0):
 garbage-first heap   total 262144K, used 3982K [0x00000006c0000000, 0x00000007c0000000)
  region size 1024K, 2 young (2048K), 2 survivors (2048K)
 Metaspace       used 18071K, capacity 18470K, committed 18688K, reserved 1064960K
  class space    used 2042K, capacity 2242K, committed 2304K, reserved 1048576K
}
Event: 14.127 GC heap before
{Heap before GC invocations=1 (full 0):
 garbage-first heap   total 262144K, used 10126K [0x00000006c0000000, 0x00000007c0000000)
  region size 1024K, 9 young (9216K), 2 survivors (2048K)
 Metaspace       used 20625K, capacity 21062K, committed 21296K, reserved 1069056K
  class space    used 2383K, capacity 2638K, committed 2688K, reserved 1048576K
}
Event: 14.137 GC heap after
{Heap after GC invocations=2 (full 0):
 garbage-first heap   total 262144K, used 5313K [0x00000006c0000000, 0x00000007c0000000)
  region size 1024K, 2 young (2048K), 2 survivors (2048K)
 Metaspace       used 20625K, capacity 21062K, committed 21296K, reserved 1069056K
  class space    used 2383K, capacity 2638K, committed 2688K, reserved 1048576K
}
Event: 64.421 GC heap before
{Heap before GC invocations=3 (full 0):
 garbage-first heap   total 262144K, used 26817K [0x00000006c0000000, 0x00000007c0000000)
  region size 1024K, 23 young (23552K), 2 survivors (2048K)
 Metaspace       used 23304K, capacity 23870K, committed 24064K, reserved 1071104K
  class space    used 2553K, capacity 2806K, committed 2816K, reserved 1048576K
}
Event: 64.428 GC heap after
{Heap after GC invocations=4 (full 0):
 garbage-first heap   total 262144K, used 8635K [0x00000006c0000000, 0x00000007c0000000)
  region size 1024K, 3 young (3072K), 3 survivors (3072K)
 Metaspace       used 23304K, capacity 23870K, committed 24064K, reserved 1071104K
  class space    used 2553K, capacity 2806K, committed 2816K, reserved 1048576K
}
Event: 96827.344 GC heap before
{Heap before GC invocations=4 (full 0):
 garbage-first heap   total 262144K, used 101819K [0x00000006c0000000, 0x00000007c0000000)
  region size 1024K, 71 young (72704K), 3 survivors (3072K)
 Metaspace       used 24121K, capacity 24672K, committed 24960K, reserved 1071104K
  class space    used 2606K, capacity 2876K, committed 2944K, reserved 1048576K
}
Event: 96827.352 GC heap after
{Heap after GC invocations=5 (full 0):
 garbage-first heap   total 262144K, used 34435K [0x00000006c0000000, 0x00000007c0000000)
  region size 1024K, 6 young (6144K), 6 survivors (6144K)
 Metaspace       used 24121K, capacity 24672K, committed 24960K, reserved 1071104K
  class space    used 2606K, capacity 2876K, committed 2944K, reserved 1048576K
}
Event: 392446.523 GC heap before
{Heap before GC invocations=5 (full 0):
 garbage-first heap   total 262144K, used 178819K [0x00000006c0000000, 0x00000007c0000000)
  region size 1024K, 60 young (61440K), 6 survivors (6144K)
 Metaspace       used 24259K, capacity 24801K, committed 24960K, reserved 1071104K
  class space    used 2606K, capacity 2876K, committed 2944K, reserved 1048576K
}
Event: 392446.548 GC heap after
{Heap after GC invocations=6 (full 0):
 garbage-first heap   total 262144K, used 102843K [0x00000006c0000000, 0x00000007c0000000)
  region size 1024K, 4 young (4096K), 4 survivors (4096K)
 Metaspace       used 24259K, capacity 24801K, committed 24960K, reserved 1071104K
  class space    used 2606K, capacity 2876K, committed 2944K, reserved 1048576K
}

